.data
0

.text
3c011001
34230000
24150000
afb50000
24150000
afb5fffc
24150000
afb5fff8
24150000
afb5fff4
24150003
afb5fff0
24150002
afb5ffec
24150004
afb5ffe8
24150000
afb5ffe4
24150001
afb5ffe0
24020005
afa2fff4
acff0000
0007e821
0c000000
8fbf0000
00024021
24160001
01164821
afa90000
acff0000
8fa6fff0
ace6fffc
0007e821
0c000000
8fbf0000
00024021
24160001
01164821
afa9fffc
acff0000
8fa6ffec
ace6fffc
8fa6ffe8
ace6fff8
0007e821
0c000000
8fbf0000
00024021
24160002
afa9fff8
8fb5ffe4
16a00006
8fb5ffe0
24150002
afb5ffe0
24020004
acff0000
0007e821
0c000000
8fbf0000
00024021
acff0000
0007e821
0c000000
8fbf0000
00024021
8fa40000
24020001
24020004
8fa4fffc
24020001
24020004
8fa4fff8
24020001
24020004
8fa4fff4
24020001
24020004
8fa4ffe0
24020001
24020004
2402000a
24020004
03e00008
03e00008
24150002
afb5fffc
8fb5fffc
24160001
02b64021
afa8fffc
8fa2fffc
03e00008
8fb5fffc
24160001
02b64021
afa8fffc
8fa2fffc
03e00008
8fb5fffc
8fb6fff8
02b64021
afa8fffc
8fa2fffc
03e00008

.symbol
0	%heap
8	main
224	__a
236	__b
352	dd
360	ee
364	aa
396	bb
420	cc

.relocation
96	aa
136	bb
184	cc
236	dd
256	ee
